<?xml version="1.0" encoding="UTF-8"?>
<!-- Generated by org.testng.reporters.JUnitReportReporter -->
<testsuite hostname="DESKTOP-T4JK67Q" failures="0" tests="1" name="demo.ExcelData" time="19.947" errors="0" timestamp="23 Sep 2022 10:00:27 GMT" skipped="0">
  <testcase classname="demo.ExcelData" name="readData" time="19.947"/>
</testsuite> <!-- demo.ExcelData -->
